[2020-5-2217:18:27]GET/users/all?classid=12
NotFoundError: Not Found
    at /Users/mayudi/Desktop/Project/Pangu/app.js:59:10
    at Layer.handle [as handle_request] (/Users/mayudi/Desktop/Project/Pangu/node_modules/express/lib/router/layer.js:95:5)
    at trim_prefix (/Users/mayudi/Desktop/Project/Pangu/node_modules/express/lib/router/index.js:317:13)
    at /Users/mayudi/Desktop/Project/Pangu/node_modules/express/lib/router/index.js:284:7
    at Function.process_params (/Users/mayudi/Desktop/Project/Pangu/node_modules/express/lib/router/index.js:335:12)
    at next (/Users/mayudi/Desktop/Project/Pangu/node_modules/express/lib/router/index.js:275:10)
    at /Users/mayudi/Desktop/Project/Pangu/node_modules/express/lib/router/index.js:635:15
    at next (/Users/mayudi/Desktop/Project/Pangu/node_modules/express/lib/router/index.js:260:14)
    at next (/Users/mayudi/Desktop/Project/Pangu/node_modules/express/lib/router/route.js:127:14)
    at Layer.handle [as handle_request] (/Users/mayudi/Desktop/Project/Pangu/node_modules/express/lib/router/layer.js:91:12)


[2020-5-2217:19:5]GET/users/all?classid=12
NotFoundError: Not Found
    at /Users/mayudi/Desktop/Project/Pangu/app.js:59:10
    at Layer.handle [as handle_request] (/Users/mayudi/Desktop/Project/Pangu/node_modules/express/lib/router/layer.js:95:5)
    at trim_prefix (/Users/mayudi/Desktop/Project/Pangu/node_modules/express/lib/router/index.js:317:13)
    at /Users/mayudi/Desktop/Project/Pangu/node_modules/express/lib/router/index.js:284:7
    at Function.process_params (/Users/mayudi/Desktop/Project/Pangu/node_modules/express/lib/router/index.js:335:12)
    at next (/Users/mayudi/Desktop/Project/Pangu/node_modules/express/lib/router/index.js:275:10)
    at /Users/mayudi/Desktop/Project/Pangu/node_modules/express/lib/router/index.js:635:15
    at next (/Users/mayudi/Desktop/Project/Pangu/node_modules/express/lib/router/index.js:260:14)
    at next (/Users/mayudi/Desktop/Project/Pangu/node_modules/express/lib/router/route.js:127:14)
    at Layer.handle [as handle_request] (/Users/mayudi/Desktop/Project/Pangu/node_modules/express/lib/router/layer.js:91:12)


[2020-5-2217:22:1]GET/users/all?classid=12
NotFoundError: Not Found
    at /Users/mayudi/Desktop/Project/Pangu/app.js:63:10
    at Layer.handle [as handle_request] (/Users/mayudi/Desktop/Project/Pangu/node_modules/express/lib/router/layer.js:95:5)
    at trim_prefix (/Users/mayudi/Desktop/Project/Pangu/node_modules/express/lib/router/index.js:317:13)
    at /Users/mayudi/Desktop/Project/Pangu/node_modules/express/lib/router/index.js:284:7
    at Function.process_params (/Users/mayudi/Desktop/Project/Pangu/node_modules/express/lib/router/index.js:335:12)
    at next (/Users/mayudi/Desktop/Project/Pangu/node_modules/express/lib/router/index.js:275:10)
    at /Users/mayudi/Desktop/Project/Pangu/node_modules/express/lib/router/index.js:635:15
    at next (/Users/mayudi/Desktop/Project/Pangu/node_modules/express/lib/router/index.js:260:14)
    at next (/Users/mayudi/Desktop/Project/Pangu/node_modules/express/lib/router/route.js:127:14)
    at Layer.handle [as handle_request] (/Users/mayudi/Desktop/Project/Pangu/node_modules/express/lib/router/layer.js:91:12)


[2020-5-2217:22:4]GET/users/all?classid=11
NotFoundError: Not Found
    at /Users/mayudi/Desktop/Project/Pangu/app.js:63:10
    at Layer.handle [as handle_request] (/Users/mayudi/Desktop/Project/Pangu/node_modules/express/lib/router/layer.js:95:5)
    at trim_prefix (/Users/mayudi/Desktop/Project/Pangu/node_modules/express/lib/router/index.js:317:13)
    at /Users/mayudi/Desktop/Project/Pangu/node_modules/express/lib/router/index.js:284:7
    at Function.process_params (/Users/mayudi/Desktop/Project/Pangu/node_modules/express/lib/router/index.js:335:12)
    at next (/Users/mayudi/Desktop/Project/Pangu/node_modules/express/lib/router/index.js:275:10)
    at /Users/mayudi/Desktop/Project/Pangu/node_modules/express/lib/router/index.js:635:15
    at next (/Users/mayudi/Desktop/Project/Pangu/node_modules/express/lib/router/index.js:260:14)
    at next (/Users/mayudi/Desktop/Project/Pangu/node_modules/express/lib/router/route.js:127:14)
    at Layer.handle [as handle_request] (/Users/mayudi/Desktop/Project/Pangu/node_modules/express/lib/router/layer.js:91:12)


[2020-5-2217:22:7]GET/users/all?classid=11
NotFoundError: Not Found
    at /Users/mayudi/Desktop/Project/Pangu/app.js:63:10
    at Layer.handle [as handle_request] (/Users/mayudi/Desktop/Project/Pangu/node_modules/express/lib/router/layer.js:95:5)
    at trim_prefix (/Users/mayudi/Desktop/Project/Pangu/node_modules/express/lib/router/index.js:317:13)
    at /Users/mayudi/Desktop/Project/Pangu/node_modules/express/lib/router/index.js:284:7
    at Function.process_params (/Users/mayudi/Desktop/Project/Pangu/node_modules/express/lib/router/index.js:335:12)
    at next (/Users/mayudi/Desktop/Project/Pangu/node_modules/express/lib/router/index.js:275:10)
    at /Users/mayudi/Desktop/Project/Pangu/node_modules/express/lib/router/index.js:635:15
    at next (/Users/mayudi/Desktop/Project/Pangu/node_modules/express/lib/router/index.js:260:14)
    at next (/Users/mayudi/Desktop/Project/Pangu/node_modules/express/lib/router/route.js:127:14)
    at Layer.handle [as handle_request] (/Users/mayudi/Desktop/Project/Pangu/node_modules/express/lib/router/layer.js:91:12)


[2020-5-2217:22:23]GET/users/all?classid=12
NotFoundError: Not Found
    at /Users/mayudi/Desktop/Project/Pangu/app.js:63:10
    at Layer.handle [as handle_request] (/Users/mayudi/Desktop/Project/Pangu/node_modules/express/lib/router/layer.js:95:5)
    at trim_prefix (/Users/mayudi/Desktop/Project/Pangu/node_modules/express/lib/router/index.js:317:13)
    at /Users/mayudi/Desktop/Project/Pangu/node_modules/express/lib/router/index.js:284:7
    at Function.process_params (/Users/mayudi/Desktop/Project/Pangu/node_modules/express/lib/router/index.js:335:12)
    at next (/Users/mayudi/Desktop/Project/Pangu/node_modules/express/lib/router/index.js:275:10)
    at /Users/mayudi/Desktop/Project/Pangu/node_modules/express/lib/router/index.js:635:15
    at next (/Users/mayudi/Desktop/Project/Pangu/node_modules/express/lib/router/index.js:260:14)
    at next (/Users/mayudi/Desktop/Project/Pangu/node_modules/express/lib/router/route.js:127:14)
    at Layer.handle [as handle_request] (/Users/mayudi/Desktop/Project/Pangu/node_modules/express/lib/router/layer.js:91:12)


[2020-5-2217:23:28]GET/users/all?classid=11
NotFoundError: Not Found
    at /Users/mayudi/Desktop/Project/Pangu/app.js:63:10
    at Layer.handle [as handle_request] (/Users/mayudi/Desktop/Project/Pangu/node_modules/express/lib/router/layer.js:95:5)
    at trim_prefix (/Users/mayudi/Desktop/Project/Pangu/node_modules/express/lib/router/index.js:317:13)
    at /Users/mayudi/Desktop/Project/Pangu/node_modules/express/lib/router/index.js:284:7
    at Function.process_params (/Users/mayudi/Desktop/Project/Pangu/node_modules/express/lib/router/index.js:335:12)
    at next (/Users/mayudi/Desktop/Project/Pangu/node_modules/express/lib/router/index.js:275:10)
    at /Users/mayudi/Desktop/Project/Pangu/node_modules/express/lib/router/index.js:635:15
    at next (/Users/mayudi/Desktop/Project/Pangu/node_modules/express/lib/router/index.js:260:14)
    at next (/Users/mayudi/Desktop/Project/Pangu/node_modules/express/lib/router/route.js:127:14)
    at Layer.handle [as handle_request] (/Users/mayudi/Desktop/Project/Pangu/node_modules/express/lib/router/layer.js:91:12)


[2020-5-2217:23:30]GET/users/all?classid=11
NotFoundError: Not Found
    at /Users/mayudi/Desktop/Project/Pangu/app.js:63:10
    at Layer.handle [as handle_request] (/Users/mayudi/Desktop/Project/Pangu/node_modules/express/lib/router/layer.js:95:5)
    at trim_prefix (/Users/mayudi/Desktop/Project/Pangu/node_modules/express/lib/router/index.js:317:13)
    at /Users/mayudi/Desktop/Project/Pangu/node_modules/express/lib/router/index.js:284:7
    at Function.process_params (/Users/mayudi/Desktop/Project/Pangu/node_modules/express/lib/router/index.js:335:12)
    at next (/Users/mayudi/Desktop/Project/Pangu/node_modules/express/lib/router/index.js:275:10)
    at /Users/mayudi/Desktop/Project/Pangu/node_modules/express/lib/router/index.js:635:15
    at next (/Users/mayudi/Desktop/Project/Pangu/node_modules/express/lib/router/index.js:260:14)
    at next (/Users/mayudi/Desktop/Project/Pangu/node_modules/express/lib/router/route.js:127:14)
    at Layer.handle [as handle_request] (/Users/mayudi/Desktop/Project/Pangu/node_modules/express/lib/router/layer.js:91:12)


[2020-5-2217:23:44]GET/users/all?classid=11
NotFoundError: Not Found
    at /Users/mayudi/Desktop/Project/Pangu/app.js:63:10
    at Layer.handle [as handle_request] (/Users/mayudi/Desktop/Project/Pangu/node_modules/express/lib/router/layer.js:95:5)
    at trim_prefix (/Users/mayudi/Desktop/Project/Pangu/node_modules/express/lib/router/index.js:317:13)
    at /Users/mayudi/Desktop/Project/Pangu/node_modules/express/lib/router/index.js:284:7
    at Function.process_params (/Users/mayudi/Desktop/Project/Pangu/node_modules/express/lib/router/index.js:335:12)
    at next (/Users/mayudi/Desktop/Project/Pangu/node_modules/express/lib/router/index.js:275:10)
    at /Users/mayudi/Desktop/Project/Pangu/node_modules/express/lib/router/index.js:635:15
    at next (/Users/mayudi/Desktop/Project/Pangu/node_modules/express/lib/router/index.js:260:14)
    at next (/Users/mayudi/Desktop/Project/Pangu/node_modules/express/lib/router/route.js:127:14)
    at Layer.handle [as handle_request] (/Users/mayudi/Desktop/Project/Pangu/node_modules/express/lib/router/layer.js:91:12)


[2020-5-2217:23:52]GET/users/all?classid=11
NotFoundError: Not Found
    at /Users/mayudi/Desktop/Project/Pangu/app.js:63:10
    at Layer.handle [as handle_request] (/Users/mayudi/Desktop/Project/Pangu/node_modules/express/lib/router/layer.js:95:5)
    at trim_prefix (/Users/mayudi/Desktop/Project/Pangu/node_modules/express/lib/router/index.js:317:13)
    at /Users/mayudi/Desktop/Project/Pangu/node_modules/express/lib/router/index.js:284:7
    at Function.process_params (/Users/mayudi/Desktop/Project/Pangu/node_modules/express/lib/router/index.js:335:12)
    at next (/Users/mayudi/Desktop/Project/Pangu/node_modules/express/lib/router/index.js:275:10)
    at /Users/mayudi/Desktop/Project/Pangu/node_modules/express/lib/router/index.js:635:15
    at next (/Users/mayudi/Desktop/Project/Pangu/node_modules/express/lib/router/index.js:260:14)
    at next (/Users/mayudi/Desktop/Project/Pangu/node_modules/express/lib/router/route.js:127:14)
    at Layer.handle [as handle_request] (/Users/mayudi/Desktop/Project/Pangu/node_modules/express/lib/router/layer.js:91:12)


[2020-5-2217:37:6]GET/users/all?classid=12
undefined


[2020-5-2217:39:46]GET/users/all?classid=12
undefined


[2020-5-2217:46:26]GET/users/all?classid=12
undefined


[2020-5-2217:48:24]GET/users/all?classid=12
undefined


[2020-5-2217:49:12]GET/users/all?classid=12
undefined


[2020-5-2217:51:25]GET/users/all?classid=12
undefined


[2020-5-2217:52:40]GET/users/all?classid=12
undefined


[2020-5-2217:53:6]GET/users/all?classid=12
undefined


[2020-5-2217:53:23]GET/users/all?classid=12
undefined


[2020-5-2217:53:33]GET/users/all?classid=12
undefined


[2020-5-2217:57:59]GET/users/all?classid=12
Error: [object Object]
    at /Users/mayudi/Desktop/Project/Pangu/routes/users.js:45:23
    at Query.<anonymous> (/Users/mayudi/Desktop/Project/Pangu/db/users/users.js:10:13)
    at Query.<anonymous> (/Users/mayudi/Desktop/Project/Pangu/node_modules/mysql/lib/Connection.js:526:10)
    at Query._callback (/Users/mayudi/Desktop/Project/Pangu/node_modules/mysql/lib/Connection.js:488:16)
    at Query.Sequence.end (/Users/mayudi/Desktop/Project/Pangu/node_modules/mysql/lib/protocol/sequences/Sequence.js:83:24)
    at Query._handleFinalResultPacket (/Users/mayudi/Desktop/Project/Pangu/node_modules/mysql/lib/protocol/sequences/Query.js:149:8)
    at Query.EofPacket (/Users/mayudi/Desktop/Project/Pangu/node_modules/mysql/lib/protocol/sequences/Query.js:133:8)
    at Protocol._parsePacket (/Users/mayudi/Desktop/Project/Pangu/node_modules/mysql/lib/protocol/Protocol.js:291:23)
    at Parser._parsePacket (/Users/mayudi/Desktop/Project/Pangu/node_modules/mysql/lib/protocol/Parser.js:433:10)
    at Parser.write (/Users/mayudi/Desktop/Project/Pangu/node_modules/mysql/lib/protocol/Parser.js:43:10)


[2020-5-2217:58:23]GET/users/all?classid=12
Error: 不存在的班级id
    at /Users/mayudi/Desktop/Project/Pangu/routes/users.js:45:23
    at Query.<anonymous> (/Users/mayudi/Desktop/Project/Pangu/db/users/users.js:10:13)
    at Query.<anonymous> (/Users/mayudi/Desktop/Project/Pangu/node_modules/mysql/lib/Connection.js:526:10)
    at Query._callback (/Users/mayudi/Desktop/Project/Pangu/node_modules/mysql/lib/Connection.js:488:16)
    at Query.Sequence.end (/Users/mayudi/Desktop/Project/Pangu/node_modules/mysql/lib/protocol/sequences/Sequence.js:83:24)
    at Query._handleFinalResultPacket (/Users/mayudi/Desktop/Project/Pangu/node_modules/mysql/lib/protocol/sequences/Query.js:149:8)
    at Query.EofPacket (/Users/mayudi/Desktop/Project/Pangu/node_modules/mysql/lib/protocol/sequences/Query.js:133:8)
    at Protocol._parsePacket (/Users/mayudi/Desktop/Project/Pangu/node_modules/mysql/lib/protocol/Protocol.js:291:23)
    at Parser._parsePacket (/Users/mayudi/Desktop/Project/Pangu/node_modules/mysql/lib/protocol/Parser.js:433:10)
    at Parser.write (/Users/mayudi/Desktop/Project/Pangu/node_modules/mysql/lib/protocol/Parser.js:43:10)


[2020-5-2217:58:34]GET/users/all?classid=12
NotFoundError: Not Found
    at /Users/mayudi/Desktop/Project/Pangu/app.js:63:10
    at Layer.handle [as handle_request] (/Users/mayudi/Desktop/Project/Pangu/node_modules/express/lib/router/layer.js:95:5)
    at trim_prefix (/Users/mayudi/Desktop/Project/Pangu/node_modules/express/lib/router/index.js:317:13)
    at /Users/mayudi/Desktop/Project/Pangu/node_modules/express/lib/router/index.js:284:7
    at Function.process_params (/Users/mayudi/Desktop/Project/Pangu/node_modules/express/lib/router/index.js:335:12)
    at next (/Users/mayudi/Desktop/Project/Pangu/node_modules/express/lib/router/index.js:275:10)
    at /Users/mayudi/Desktop/Project/Pangu/node_modules/express/lib/router/index.js:635:15
    at next (/Users/mayudi/Desktop/Project/Pangu/node_modules/express/lib/router/index.js:260:14)
    at next (/Users/mayudi/Desktop/Project/Pangu/node_modules/express/lib/router/route.js:127:14)
    at /Users/mayudi/Desktop/Project/Pangu/routes/users.js:45:13


[2020-5-2217:58:46]GET/users/all?classid=12
undefined


